This file contains any messages produced by compilers while
running configure, to aid debugging if configure makes a mistake.

It was created by cppthreads configure 0.1 , which was
generated by GNU Autoconf 2.63.  Invocation command line was

  $ ./configure 

## --------- ##
## Platform. ##
## --------- ##

hostname = Logos
uname -m = i686
uname -r = 2.6.27.21-170.2.56.fc10.i686
uname -s = Linux
uname -v = #1 SMP Mon Mar 23 23:37:54 EDT 2009

/usr/bin/uname -p = unknown
/bin/uname -X     = unknown

/bin/arch              = i686
/usr/bin/arch -k       = unknown
/usr/convex/getsysinfo = unknown
/usr/bin/hostinfo      = unknown
/bin/machine           = unknown
/usr/bin/oslevel       = unknown
/bin/universe          = unknown

PATH: /usr/lib/qt-3.3/bin
PATH: /usr/kerberos/bin
PATH: /usr/lib/ccache
PATH: /usr/local/bin
PATH: /usr/bin
PATH: /bin
PATH: /usr/games
PATH: /usr/local/sbin
PATH: /usr/sbin
PATH: /sbin
PATH: /home/Abd4llA/bin


## ----------- ##
## Core tests. ##
## ----------- ##

configure:1832: checking for a BSD-compatible install
configure:1900: result: /usr/bin/install -c
configure:1911: checking whether build environment is sane
configure:1954: result: yes
configure:1979: checking for a thread-safe mkdir -p
configure:2018: result: /bin/mkdir -p
configure:2031: checking for gawk
configure:2047: found /usr/bin/gawk
configure:2058: result: gawk
configure:2069: checking whether make sets $(MAKE)
configure:2091: result: yes
configure:2334: checking for g++
configure:2350: found /usr/lib/ccache/g++
configure:2361: result: g++
configure:2388: checking for C++ compiler version
configure:2396: g++ --version >&5
g++ (GCC) 4.3.2 20081105 (Red Hat 4.3.2-7)
Copyright (C) 2008 Free Software Foundation, Inc.
This is free software; see the source for copying conditions.  There is NO
warranty; not even for MERCHANTABILITY or FITNESS FOR A PARTICULAR PURPOSE.

configure:2400: $? = 0
configure:2407: g++ -v >&5
Using built-in specs.
Target: i386-redhat-linux
Configured with: ../configure --prefix=/usr --mandir=/usr/share/man --infodir=/usr/share/info --with-bugurl=http://bugzilla.redhat.com/bugzilla --enable-bootstrap --enable-shared --enable-threads=posix --enable-checking=release --with-system-zlib --enable-__cxa_atexit --disable-libunwind-exceptions --enable-languages=c,c++,objc,obj-c++,java,fortran,ada --enable-java-awt=gtk --disable-dssi --enable-plugin --with-java-home=/usr/lib/jvm/java-1.5.0-gcj-1.5.0.0/jre --enable-libgcj-multifile --enable-java-maintainer-mode --with-ecj-jar=/usr/share/java/eclipse-ecj.jar --disable-libjava-multilib --with-cpu=generic --build=i386-redhat-linux
Thread model: posix
gcc version 4.3.2 20081105 (Red Hat 4.3.2-7) (GCC) 
configure:2411: $? = 0
configure:2418: g++ -V >&5
g++: '-V' option must have argument
configure:2422: $? = 1
configure:2445: checking for C++ compiler default output file name
configure:2467: g++    conftest.cpp  >&5
configure:2471: $? = 0
configure:2509: result: a.out
configure:2528: checking whether the C++ compiler works
configure:2538: ./a.out
configure:2542: $? = 0
configure:2561: result: yes
configure:2568: checking whether we are cross compiling
configure:2570: result: no
configure:2573: checking for suffix of executables
configure:2580: g++ -o conftest    conftest.cpp  >&5
configure:2584: $? = 0
configure:2610: result: 
configure:2616: checking for suffix of object files
configure:2642: g++ -c   conftest.cpp >&5
configure:2646: $? = 0
configure:2671: result: o
configure:2675: checking whether we are using the GNU C++ compiler
configure:2704: g++ -c   conftest.cpp >&5
configure:2711: $? = 0
configure:2728: result: yes
configure:2737: checking whether g++ accepts -g
configure:2767: g++ -c -g  conftest.cpp >&5
configure:2774: $? = 0
configure:2875: result: yes
configure:2909: checking for style of include used by make
configure:2937: result: GNU
configure:2962: checking dependency style of g++
configure:3053: result: gcc3
configure:3194: creating ./config.status

## ---------------------- ##
## Running config.status. ##
## ---------------------- ##

This file was extended by cppthreads config.status 0.1 , which was
generated by GNU Autoconf 2.63.  Invocation command line was

  CONFIG_FILES    = 
  CONFIG_HEADERS  = 
  CONFIG_LINKS    = 
  CONFIG_COMMANDS = 
  $ ./config.status 

on Logos

config.status:757: creating Makefile
config.status:757: creating src/Makefile
config.status:757: creating config.h
config.status:979: config.h is unchanged
config.status:1031: executing depfiles commands

## ---------------- ##
## Cache variables. ##
## ---------------- ##

ac_cv_cxx_compiler_gnu=yes
ac_cv_env_CCC_set=
ac_cv_env_CCC_value=
ac_cv_env_CPPFLAGS_set=
ac_cv_env_CPPFLAGS_value=
ac_cv_env_CXXFLAGS_set=
ac_cv_env_CXXFLAGS_value=
ac_cv_env_CXX_set=
ac_cv_env_CXX_value=
ac_cv_env_LDFLAGS_set=
ac_cv_env_LDFLAGS_value=
ac_cv_env_LIBS_set=
ac_cv_env_LIBS_value=
ac_cv_env_build_alias_set=
ac_cv_env_build_alias_value=
ac_cv_env_host_alias_set=
ac_cv_env_host_alias_value=
ac_cv_env_target_alias_set=
ac_cv_env_target_alias_value=
ac_cv_objext=o
ac_cv_path_install='/usr/bin/install -c'
ac_cv_path_mkdir=/bin/mkdir
ac_cv_prog_AWK=gawk
ac_cv_prog_ac_ct_CXX=g++
ac_cv_prog_cxx_g=yes
ac_cv_prog_make_make_set=yes
am_cv_CXX_dependencies_compiler_type=gcc3

## ----------------- ##
## Output variables. ##
## ----------------- ##

ACLOCAL='${SHELL} /home/Abd4llA/WorkZone/cppthreads/trunk/build-aux/missing --run aclocal-1.10'
AMDEPBACKSLASH='\'
AMDEP_FALSE='#'
AMDEP_TRUE=''
AMTAR='${SHELL} /home/Abd4llA/WorkZone/cppthreads/trunk/build-aux/missing --run tar'
AUTOCONF='${SHELL} /home/Abd4llA/WorkZone/cppthreads/trunk/build-aux/missing --run autoconf'
AUTOHEADER='${SHELL} /home/Abd4llA/WorkZone/cppthreads/trunk/build-aux/missing --run autoheader'
AUTOMAKE='${SHELL} /home/Abd4llA/WorkZone/cppthreads/trunk/build-aux/missing --run automake-1.10'
AWK='gawk'
CPPFLAGS=''
CXX='g++'
CXXDEPMODE='depmode=gcc3'
CXXFLAGS='-g -O2'
CYGPATH_W='echo'
DEFS='-DHAVE_CONFIG_H'
DEPDIR='.deps'
ECHO_C=''
ECHO_N='-n'
ECHO_T=''
EXEEXT=''
INSTALL_DATA='${INSTALL} -m 644'
INSTALL_PROGRAM='${INSTALL}'
INSTALL_SCRIPT='${INSTALL}'
INSTALL_STRIP_PROGRAM='$(install_sh) -c -s'
LDFLAGS=''
LIBOBJS=''
LIBS=''
LTLIBOBJS=''
MAKEINFO='${SHELL} /home/Abd4llA/WorkZone/cppthreads/trunk/build-aux/missing --run makeinfo'
MKDIR_P='/bin/mkdir -p'
OBJEXT='o'
PACKAGE='cppthreads'
PACKAGE_BUGREPORT=''
PACKAGE_NAME='cppthreads'
PACKAGE_STRING='cppthreads 0.1 '
PACKAGE_TARNAME='cppthreads'
PACKAGE_VERSION='0.1 '
PATH_SEPARATOR=':'
SET_MAKE=''
SHELL='/bin/sh'
STRIP=''
VERSION='0.1 '
ac_ct_CXX='g++'
am__fastdepCXX_FALSE='#'
am__fastdepCXX_TRUE=''
am__include='include'
am__isrc=''
am__leading_dot='.'
am__quote=''
am__tar='${AMTAR} chof - "$$tardir"'
am__untar='${AMTAR} xf -'
bindir='${exec_prefix}/bin'
build_alias=''
datadir='${datarootdir}'
datarootdir='${prefix}/share'
docdir='${datarootdir}/doc/${PACKAGE_TARNAME}'
dvidir='${docdir}'
exec_prefix='${prefix}'
host_alias=''
htmldir='${docdir}'
includedir='${prefix}/include'
infodir='${datarootdir}/info'
install_sh='$(SHELL) /home/Abd4llA/WorkZone/cppthreads/trunk/build-aux/install-sh'
libdir='${exec_prefix}/lib'
libexecdir='${exec_prefix}/libexec'
localedir='${datarootdir}/locale'
localstatedir='${prefix}/var'
mandir='${datarootdir}/man'
mkdir_p='/bin/mkdir -p'
oldincludedir='/usr/include'
pdfdir='${docdir}'
prefix='/usr/local'
program_transform_name='s,x,x,'
psdir='${docdir}'
sbindir='${exec_prefix}/sbin'
sharedstatedir='${prefix}/com'
sysconfdir='${prefix}/etc'
target_alias=''

## ----------- ##
## confdefs.h. ##
## ----------- ##

#define PACKAGE_NAME "cppthreads"
#define PACKAGE_TARNAME "cppthreads"
#define PACKAGE_VERSION "0.1 "
#define PACKAGE_STRING "cppthreads 0.1 "
#define PACKAGE_BUGREPORT ""
#define PACKAGE "cppthreads"
#define VERSION "0.1 "

configure: exit 0
